2023-11-24T08:41:58.785Z
SyntaxError: You have a syntax error at "A140.sql" line 18 column 18. no viable alternative at input 'VARCHAR'
    at /Users/andrearibuoli/.config/yarn/global/node_modules/@dbml/cli/lib/cli/utils.js:45:13
    at Array.forEach (<anonymous>)
    at generate (/Users/andrearibuoli/.config/yarn/global/node_modules/@dbml/cli/lib/cli/utils.js:39:14)
    at importHandler (/Users/andrearibuoli/.config/yarn/global/node_modules/@dbml/cli/lib/cli/import.js:25:27)
    at Object.sql2dbml (/Users/andrearibuoli/.config/yarn/global/node_modules/@dbml/cli/lib/cli/index.js:27:23)
    at Object.<anonymous> (/Users/andrearibuoli/.config/yarn/global/node_modules/@dbml/cli/bin/sql2dbml.js:4:19)
    at Module._compile (node:internal/modules/cjs/loader:1159:14)
    at Module._extensions..js (node:internal/modules/cjs/loader:1213:10)
    at Module.load (node:internal/modules/cjs/loader:1037:32)
    at Module._load (node:internal/modules/cjs/loader:878:12)

ROOT_ERROR:
Error: no viable alternative at input 'VARCHAR'
    at ParserErrorListener.syntaxError (/Users/andrearibuoli/.config/yarn/global/node_modules/@dbml/core/lib/parse/ANTLR/ASTGeneration/ParserErrorListener.js:35:13)
    at /Users/andrearibuoli/.config/yarn/global/node_modules/antlr4/dist/antlr4.node.cjs:1:42636
    at Array.map (<anonymous>)
    at vt.syntaxError (/Users/andrearibuoli/.config/yarn/global/node_modules/antlr4/dist/antlr4.node.cjs:1:42626)
    at PostgreSQLParser.notifyErrorListeners (/Users/andrearibuoli/.config/yarn/global/node_modules/antlr4/dist/antlr4.node.cjs:1:102585)
    at Ae.reportNoViableAlternative (/Users/andrearibuoli/.config/yarn/global/node_modules/antlr4/dist/antlr4.node.cjs:1:90869)
    at Ae.reportError (/Users/andrearibuoli/.config/yarn/global/node_modules/antlr4/dist/antlr4.node.cjs:1:89272)
    at PostgreSQLParser.create_generic_options (/Users/andrearibuoli/.config/yarn/global/node_modules/@dbml/core/lib/parse/ANTLR/parsers/postgresql/PostgreSQLParser.js:3:546836)
    at PostgreSQLParser.columnDef (/Users/andrearibuoli/.config/yarn/global/node_modules/@dbml/core/lib/parse/ANTLR/parsers/postgresql/PostgreSQLParser.js:3:467042)
    at PostgreSQLParser.tableelement (/Users/andrearibuoli/.config/yarn/global/node_modules/@dbml/core/lib/parse/ANTLR/parsers/postgresql/PostgreSQLParser.js:3:465796)
{"start":{"line":18,"column":18}}

